<?xml version="1.0" encoding="UTF-8" ?>
<testsuite tests="7" failures="0" name="Administration.MainTest" time="22.153" errors="0" skipped="0">
  <properties>
[...]
</properties>
  <testcase classname="Administration.MainTest" name="testJWT" time="0.219"/>
  <testcase classname="Administration.MainTest" name="testHouse" time="0.628"/>
  <testcase classname="Administration.MainTest" name="testPhone" time="0.066"/>
  <testcase classname="Administration.MainTest" name="testUser" time="20.819"/>
  <testcase classname="Administration.MainTest" name="testGenerateHouse" time="0.001"/>
  <testcase classname="Administration.MainTest" name="testHomeFile" time="0.006"/>
  <testcase classname="Administration.MainTest" name="testDevice" time="0.414"/>
</testsuite>